[0.033s] Invoking command in '/home/fedelopre/Downloads/real-proj/cpp_proj/build/move_package': CMAKE_PREFIX_PATH=${CMAKE_PREFIX_PATH}:/opt/ros/jazzy DEBUGINFOD_URLS=https://debuginfod.ubuntu.com /usr/bin/cmake /home/fedelopre/Downloads/real-proj/cpp_proj/src/move_package -DCMAKE_INSTALL_PREFIX=/home/fedelopre/Downloads/real-proj/cpp_proj/install/move_package
[0.387s] -- The C compiler identification is GNU 13.3.0
[0.684s] -- The CXX compiler identification is GNU 13.3.0
[0.737s] -- Detecting C compiler ABI info
[0.978s] -- Detecting C compiler ABI info - done
[1.024s] -- Check for working C compiler: /usr/bin/cc - skipped
[1.026s] -- Detecting C compile features
[1.028s] -- Detecting C compile features - done
[1.055s] -- Detecting CXX compiler ABI info
[1.310s] -- Detecting CXX compiler ABI info - done
[1.361s] -- Check for working CXX compiler: /usr/bin/c++ - skipped
[1.362s] -- Detecting CXX compile features
[1.365s] -- Detecting CXX compile features - done
[1.377s] -- Found ament_cmake: 2.5.4 (/opt/ros/jazzy/share/ament_cmake/cmake)
[1.808s] -- Found Python3: /usr/bin/python3 (found version "3.12.3") found components: Interpreter 
[2.170s] -- Found ament_lint_auto: 0.17.2 (/opt/ros/jazzy/share/ament_lint_auto/cmake)
[2.497s] -- Added test 'cppcheck' to perform static code analysis on C / C++ code
[2.497s] -- Configured cppcheck include dirs: 
[2.497s] -- Configured cppcheck exclude dirs and/or files: 
[2.501s] -- Added test 'flake8' to check Python code syntax and style conventions
[2.501s] -- Configured 'flake8' exclude dirs and/or files: 
[2.504s] -- Added test 'lint_cmake' to check CMake code style
[2.507s] -- Added test 'pep257' to check Python code against some of the docstring style conventions in PEP 257
[2.510s] -- Added test 'uncrustify' to check C / C++ code style
[2.510s] -- Configured uncrustify additional arguments: 
[2.513s] -- Added test 'xmllint' to check XML markup files
[2.519s] -- Configuring done (2.4s)
[2.527s] -- Generating done (0.0s)
[2.537s] -- Build files have been written to: /home/fedelopre/Downloads/real-proj/cpp_proj/build/move_package
[2.549s] Invoked command in '/home/fedelopre/Downloads/real-proj/cpp_proj/build/move_package' returned '0': CMAKE_PREFIX_PATH=${CMAKE_PREFIX_PATH}:/opt/ros/jazzy DEBUGINFOD_URLS=https://debuginfod.ubuntu.com /usr/bin/cmake /home/fedelopre/Downloads/real-proj/cpp_proj/src/move_package -DCMAKE_INSTALL_PREFIX=/home/fedelopre/Downloads/real-proj/cpp_proj/install/move_package
[2.553s] Invoking command in '/home/fedelopre/Downloads/real-proj/cpp_proj/build/move_package': CMAKE_PREFIX_PATH=${CMAKE_PREFIX_PATH}:/opt/ros/jazzy DEBUGINFOD_URLS=https://debuginfod.ubuntu.com /usr/bin/cmake --build /home/fedelopre/Downloads/real-proj/cpp_proj/build/move_package -- -j3 -l3
[2.645s] Invoked command in '/home/fedelopre/Downloads/real-proj/cpp_proj/build/move_package' returned '0': CMAKE_PREFIX_PATH=${CMAKE_PREFIX_PATH}:/opt/ros/jazzy DEBUGINFOD_URLS=https://debuginfod.ubuntu.com /usr/bin/cmake --build /home/fedelopre/Downloads/real-proj/cpp_proj/build/move_package -- -j3 -l3
[2.665s] Invoking command in '/home/fedelopre/Downloads/real-proj/cpp_proj/build/move_package': CMAKE_PREFIX_PATH=${CMAKE_PREFIX_PATH}:/opt/ros/jazzy DEBUGINFOD_URLS=https://debuginfod.ubuntu.com /usr/bin/cmake --install /home/fedelopre/Downloads/real-proj/cpp_proj/build/move_package
[2.688s] -- Install configuration: ""
[2.688s] -- Installing: /home/fedelopre/Downloads/real-proj/cpp_proj/install/move_package/share/move_package//launch
[2.689s] -- Installing: /home/fedelopre/Downloads/real-proj/cpp_proj/install/move_package/share/move_package//launch/move_launch_1.launch.py
[2.689s] -- Installing: /home/fedelopre/Downloads/real-proj/cpp_proj/install/move_package/share/ament_index/resource_index/package_run_dependencies/move_package
[2.689s] -- Installing: /home/fedelopre/Downloads/real-proj/cpp_proj/install/move_package/share/ament_index/resource_index/parent_prefix_path/move_package
[2.689s] -- Installing: /home/fedelopre/Downloads/real-proj/cpp_proj/install/move_package/share/move_package/environment/ament_prefix_path.sh
[2.690s] -- Installing: /home/fedelopre/Downloads/real-proj/cpp_proj/install/move_package/share/move_package/environment/ament_prefix_path.dsv
[2.691s] -- Installing: /home/fedelopre/Downloads/real-proj/cpp_proj/install/move_package/share/move_package/environment/path.sh
[2.691s] -- Installing: /home/fedelopre/Downloads/real-proj/cpp_proj/install/move_package/share/move_package/environment/path.dsv
[2.692s] -- Installing: /home/fedelopre/Downloads/real-proj/cpp_proj/install/move_package/share/move_package/local_setup.bash
[2.692s] -- Installing: /home/fedelopre/Downloads/real-proj/cpp_proj/install/move_package/share/move_package/local_setup.sh
[2.692s] -- Installing: /home/fedelopre/Downloads/real-proj/cpp_proj/install/move_package/share/move_package/local_setup.zsh
[2.692s] -- Installing: /home/fedelopre/Downloads/real-proj/cpp_proj/install/move_package/share/move_package/local_setup.dsv
[2.692s] -- Installing: /home/fedelopre/Downloads/real-proj/cpp_proj/install/move_package/share/move_package/package.dsv
[2.693s] -- Installing: /home/fedelopre/Downloads/real-proj/cpp_proj/install/move_package/share/ament_index/resource_index/packages/move_package
[2.693s] -- Installing: /home/fedelopre/Downloads/real-proj/cpp_proj/install/move_package/share/move_package/cmake/move_packageConfig.cmake
[2.694s] -- Installing: /home/fedelopre/Downloads/real-proj/cpp_proj/install/move_package/share/move_package/cmake/move_packageConfig-version.cmake
[2.694s] -- Installing: /home/fedelopre/Downloads/real-proj/cpp_proj/install/move_package/share/move_package/package.xml
[2.694s] Invoked command in '/home/fedelopre/Downloads/real-proj/cpp_proj/build/move_package' returned '0': CMAKE_PREFIX_PATH=${CMAKE_PREFIX_PATH}:/opt/ros/jazzy DEBUGINFOD_URLS=https://debuginfod.ubuntu.com /usr/bin/cmake --install /home/fedelopre/Downloads/real-proj/cpp_proj/build/move_package
