[0.254s] DEBUG:colcon:Command line arguments: ['/usr/bin/colcon', 'build']
[0.254s] DEBUG:colcon:Parsed command line arguments: Namespace(log_base=None, log_level=None, verb_name='build', build_base='build', install_base='install', merge_install=False, symlink_install=False, test_result_base=None, continue_on_error=False, executor='parallel', parallel_workers=3, event_handlers=None, ignore_user_meta=False, metas=['./colcon.meta'], base_paths=['.'], packages_ignore=None, packages_ignore_regex=None, paths=None, packages_up_to=None, packages_up_to_regex=None, packages_above=None, packages_above_and_dependencies=None, packages_above_depth=None, packages_select_by_dep=None, packages_skip_by_dep=None, packages_skip_up_to=None, packages_select_build_failed=False, packages_skip_build_finished=False, packages_select_test_failures=False, packages_skip_test_passed=False, packages_select=None, packages_skip=None, packages_select_regex=None, packages_skip_regex=None, packages_start=None, packages_end=None, allow_overriding=[], cmake_args=None, cmake_target=None, cmake_target_skip_unavailable=False, cmake_clean_cache=False, cmake_clean_first=False, cmake_force_configure=False, ament_cmake_args=None, catkin_cmake_args=None, catkin_skip_building_tests=False, verb_parser=<colcon_defaults.argument_parser.defaults.DefaultArgumentsDecorator object at 0x7475e70605c0>, verb_extension=<colcon_core.verb.build.BuildVerb object at 0x7475e71a9c10>, main=<bound method BuildVerb.main of <colcon_core.verb.build.BuildVerb object at 0x7475e71a9c10>>)
[0.348s] Level 1:colcon.colcon_core.package_discovery:discover_packages(colcon_meta) check parameters
[0.348s] Level 1:colcon.colcon_core.package_discovery:discover_packages(recursive) check parameters
[0.348s] Level 1:colcon.colcon_core.package_discovery:discover_packages(ignore) check parameters
[0.348s] Level 1:colcon.colcon_core.package_discovery:discover_packages(path) check parameters
[0.348s] Level 1:colcon.colcon_core.package_discovery:discover_packages(colcon_meta) discover
[0.348s] Level 1:colcon.colcon_core.package_discovery:discover_packages(recursive) discover
[0.349s] INFO:colcon.colcon_core.package_discovery:Crawling recursively for packages in '/home/fedelopre/Downloads/real-proj/cpp_proj'
[0.349s] Level 1:colcon.colcon_core.package_identification:_identify(.) by extensions ['ignore', 'ignore_ament_install']
[0.349s] Level 1:colcon.colcon_core.package_identification:_identify(.) by extension 'ignore'
[0.349s] Level 1:colcon.colcon_core.package_identification:_identify(.) by extension 'ignore_ament_install'
[0.349s] Level 1:colcon.colcon_core.package_identification:_identify(.) by extensions ['colcon_pkg']
[0.349s] Level 1:colcon.colcon_core.package_identification:_identify(.) by extension 'colcon_pkg'
[0.349s] Level 1:colcon.colcon_core.package_identification:_identify(.) by extensions ['colcon_meta']
[0.349s] Level 1:colcon.colcon_core.package_identification:_identify(.) by extension 'colcon_meta'
[0.349s] Level 1:colcon.colcon_core.package_identification:_identify(.) by extensions ['ros']
[0.349s] Level 1:colcon.colcon_core.package_identification:_identify(.) by extension 'ros'
[0.414s] Level 1:colcon.colcon_core.package_identification:_identify(.) by extensions ['cmake', 'python']
[0.414s] Level 1:colcon.colcon_core.package_identification:_identify(.) by extension 'cmake'
[0.414s] Level 1:colcon.colcon_core.package_identification:_identify(.) by extension 'python'
[0.414s] Level 1:colcon.colcon_core.package_identification:_identify(.) by extensions ['python_setup_py']
[0.414s] Level 1:colcon.colcon_core.package_identification:_identify(.) by extension 'python_setup_py'
[0.415s] Level 1:colcon.colcon_core.package_identification:_identify(build) by extensions ['ignore', 'ignore_ament_install']
[0.415s] Level 1:colcon.colcon_core.package_identification:_identify(build) by extension 'ignore'
[0.415s] Level 1:colcon.colcon_core.package_identification:_identify(build) ignored
[0.415s] Level 1:colcon.colcon_core.package_identification:_identify(install) by extensions ['ignore', 'ignore_ament_install']
[0.415s] Level 1:colcon.colcon_core.package_identification:_identify(install) by extension 'ignore'
[0.415s] Level 1:colcon.colcon_core.package_identification:_identify(install) ignored
[0.416s] Level 1:colcon.colcon_core.package_identification:_identify(log) by extensions ['ignore', 'ignore_ament_install']
[0.416s] Level 1:colcon.colcon_core.package_identification:_identify(log) by extension 'ignore'
[0.416s] Level 1:colcon.colcon_core.package_identification:_identify(log) ignored
[0.416s] Level 1:colcon.colcon_core.package_identification:_identify(src) by extensions ['ignore', 'ignore_ament_install']
[0.416s] Level 1:colcon.colcon_core.package_identification:_identify(src) by extension 'ignore'
[0.416s] Level 1:colcon.colcon_core.package_identification:_identify(src) by extension 'ignore_ament_install'
[0.416s] Level 1:colcon.colcon_core.package_identification:_identify(src) by extensions ['colcon_pkg']
[0.416s] Level 1:colcon.colcon_core.package_identification:_identify(src) by extension 'colcon_pkg'
[0.416s] Level 1:colcon.colcon_core.package_identification:_identify(src) by extensions ['colcon_meta']
[0.416s] Level 1:colcon.colcon_core.package_identification:_identify(src) by extension 'colcon_meta'
[0.417s] Level 1:colcon.colcon_core.package_identification:_identify(src) by extensions ['ros']
[0.417s] Level 1:colcon.colcon_core.package_identification:_identify(src) by extension 'ros'
[0.417s] Level 1:colcon.colcon_core.package_identification:_identify(src) by extensions ['cmake', 'python']
[0.417s] Level 1:colcon.colcon_core.package_identification:_identify(src) by extension 'cmake'
[0.417s] Level 1:colcon.colcon_core.package_identification:_identify(src) by extension 'python'
[0.417s] Level 1:colcon.colcon_core.package_identification:_identify(src) by extensions ['python_setup_py']
[0.417s] Level 1:colcon.colcon_core.package_identification:_identify(src) by extension 'python_setup_py'
[0.417s] Level 1:colcon.colcon_core.package_identification:_identify(src/move_package) by extensions ['ignore', 'ignore_ament_install']
[0.417s] Level 1:colcon.colcon_core.package_identification:_identify(src/move_package) by extension 'ignore'
[0.418s] Level 1:colcon.colcon_core.package_identification:_identify(src/move_package) by extension 'ignore_ament_install'
[0.418s] Level 1:colcon.colcon_core.package_identification:_identify(src/move_package) by extensions ['colcon_pkg']
[0.418s] Level 1:colcon.colcon_core.package_identification:_identify(src/move_package) by extension 'colcon_pkg'
[0.418s] Level 1:colcon.colcon_core.package_identification:_identify(src/move_package) by extensions ['colcon_meta']
[0.418s] Level 1:colcon.colcon_core.package_identification:_identify(src/move_package) by extension 'colcon_meta'
[0.418s] Level 1:colcon.colcon_core.package_identification:_identify(src/move_package) by extensions ['ros']
[0.418s] Level 1:colcon.colcon_core.package_identification:_identify(src/move_package) by extension 'ros'
[0.425s] DEBUG:colcon.colcon_core.package_identification:Package 'src/move_package' with type 'ros.ament_cmake' and name 'move_package'
[0.425s] Level 1:colcon.colcon_core.package_discovery:discover_packages(recursive) using defaults
[0.425s] Level 1:colcon.colcon_core.package_discovery:discover_packages(ignore) discover
[0.425s] Level 1:colcon.colcon_core.package_discovery:discover_packages(ignore) using defaults
[0.425s] Level 1:colcon.colcon_core.package_discovery:discover_packages(path) discover
[0.425s] Level 1:colcon.colcon_core.package_discovery:discover_packages(path) using defaults
[0.468s] Level 1:colcon.colcon_core.package_discovery:discover_packages(prefix_path) check parameters
[0.468s] Level 1:colcon.colcon_core.package_discovery:discover_packages(prefix_path) discover
[0.472s] DEBUG:colcon.colcon_installed_package_information.package_discovery:Found 1 installed packages in /home/fedelopre/Downloads/real-proj/cpp_proj/install
[0.478s] DEBUG:colcon.colcon_installed_package_information.package_discovery:Found 365 installed packages in /opt/ros/jazzy
[0.482s] Level 1:colcon.colcon_core.package_discovery:discover_packages(prefix_path) using defaults
[0.637s] Level 5:colcon.colcon_core.verb:set package 'move_package' build argument 'cmake_args' from command line to 'None'
[0.637s] Level 5:colcon.colcon_core.verb:set package 'move_package' build argument 'cmake_target' from command line to 'None'
[0.637s] Level 5:colcon.colcon_core.verb:set package 'move_package' build argument 'cmake_target_skip_unavailable' from command line to 'False'
[0.637s] Level 5:colcon.colcon_core.verb:set package 'move_package' build argument 'cmake_clean_cache' from command line to 'False'
[0.637s] Level 5:colcon.colcon_core.verb:set package 'move_package' build argument 'cmake_clean_first' from command line to 'False'
[0.637s] Level 5:colcon.colcon_core.verb:set package 'move_package' build argument 'cmake_force_configure' from command line to 'False'
[0.638s] Level 5:colcon.colcon_core.verb:set package 'move_package' build argument 'ament_cmake_args' from command line to 'None'
[0.638s] Level 5:colcon.colcon_core.verb:set package 'move_package' build argument 'catkin_cmake_args' from command line to 'None'
[0.638s] Level 5:colcon.colcon_core.verb:set package 'move_package' build argument 'catkin_skip_building_tests' from command line to 'False'
[0.638s] DEBUG:colcon.colcon_core.verb:Building package 'move_package' with the following arguments: {'ament_cmake_args': None, 'build_base': '/home/fedelopre/Downloads/real-proj/cpp_proj/build/move_package', 'catkin_cmake_args': None, 'catkin_skip_building_tests': False, 'cmake_args': None, 'cmake_clean_cache': False, 'cmake_clean_first': False, 'cmake_force_configure': False, 'cmake_target': None, 'cmake_target_skip_unavailable': False, 'install_base': '/home/fedelopre/Downloads/real-proj/cpp_proj/install/move_package', 'merge_install': False, 'path': '/home/fedelopre/Downloads/real-proj/cpp_proj/src/move_package', 'symlink_install': False, 'test_result_base': None}
[0.638s] INFO:colcon.colcon_core.executor:Executing jobs using 'parallel' executor
[0.639s] DEBUG:colcon.colcon_parallel_executor.executor.parallel:run_until_complete
[0.640s] INFO:colcon.colcon_ros.task.ament_cmake.build:Building ROS package in '/home/fedelopre/Downloads/real-proj/cpp_proj/src/move_package' with build type 'ament_cmake'
[0.640s] INFO:colcon.colcon_cmake.task.cmake.build:Building CMake package in '/home/fedelopre/Downloads/real-proj/cpp_proj/src/move_package'
[0.645s] INFO:colcon.colcon_core.plugin_system:Skipping extension 'colcon_core.shell.bat': Not used on non-Windows systems
[0.646s] INFO:colcon.colcon_core.shell:Skip shell extension 'powershell' for command environment: Not usable outside of PowerShell
[0.646s] DEBUG:colcon.colcon_core.shell:Skip shell extension 'dsv' for command environment
[0.670s] DEBUG:colcon.colcon_core.event_handler.log_command:Invoking command in '/home/fedelopre/Downloads/real-proj/cpp_proj/build/move_package': CMAKE_PREFIX_PATH=${CMAKE_PREFIX_PATH}:/opt/ros/jazzy DEBUGINFOD_URLS=https://debuginfod.ubuntu.com /usr/bin/cmake --build /home/fedelopre/Downloads/real-proj/cpp_proj/build/move_package -- -j3 -l3
[9.531s] DEBUG:colcon.colcon_core.event_handler.log_command:Invoked command in '/home/fedelopre/Downloads/real-proj/cpp_proj/build/move_package' returned '2': CMAKE_PREFIX_PATH=${CMAKE_PREFIX_PATH}:/opt/ros/jazzy DEBUGINFOD_URLS=https://debuginfod.ubuntu.com /usr/bin/cmake --build /home/fedelopre/Downloads/real-proj/cpp_proj/build/move_package -- -j3 -l3
[9.533s] Level 1:colcon.colcon_core.environment:create_environment_scripts_only(move_package)
[9.538s] Level 1:colcon.colcon_core.environment:checking '/home/fedelopre/Downloads/real-proj/cpp_proj/install/move_package' for CMake module files
[9.539s] Level 1:colcon.colcon_core.environment:checking '/home/fedelopre/Downloads/real-proj/cpp_proj/install/move_package' for CMake config files
[9.540s] Level 1:colcon.colcon_core.shell:create_environment_hook('move_package', 'cmake_prefix_path')
[9.540s] INFO:colcon.colcon_core.shell:Creating environment hook '/home/fedelopre/Downloads/real-proj/cpp_proj/install/move_package/share/move_package/hook/cmake_prefix_path.ps1'
[9.542s] INFO:colcon.colcon_core.shell:Creating environment descriptor '/home/fedelopre/Downloads/real-proj/cpp_proj/install/move_package/share/move_package/hook/cmake_prefix_path.dsv'
[9.543s] INFO:colcon.colcon_core.shell:Creating environment hook '/home/fedelopre/Downloads/real-proj/cpp_proj/install/move_package/share/move_package/hook/cmake_prefix_path.sh'
[9.545s] Level 1:colcon.colcon_core.environment:checking '/home/fedelopre/Downloads/real-proj/cpp_proj/install/move_package/bin'
[9.545s] Level 1:colcon.colcon_core.environment:checking '/home/fedelopre/Downloads/real-proj/cpp_proj/install/move_package/lib/pkgconfig/move_package.pc'
[9.545s] Level 1:colcon.colcon_core.environment:checking '/home/fedelopre/Downloads/real-proj/cpp_proj/install/move_package/lib/python3.12/site-packages'
[9.546s] Level 1:colcon.colcon_core.environment:checking '/home/fedelopre/Downloads/real-proj/cpp_proj/install/move_package/bin'
[9.546s] INFO:colcon.colcon_core.shell:Creating package script '/home/fedelopre/Downloads/real-proj/cpp_proj/install/move_package/share/move_package/package.ps1'
[9.554s] INFO:colcon.colcon_core.shell:Creating package descriptor '/home/fedelopre/Downloads/real-proj/cpp_proj/install/move_package/share/move_package/package.dsv'
[9.555s] INFO:colcon.colcon_core.shell:Creating package script '/home/fedelopre/Downloads/real-proj/cpp_proj/install/move_package/share/move_package/package.sh'
[9.558s] INFO:colcon.colcon_core.shell:Creating package script '/home/fedelopre/Downloads/real-proj/cpp_proj/install/move_package/share/move_package/package.bash'
[9.560s] INFO:colcon.colcon_core.shell:Creating package script '/home/fedelopre/Downloads/real-proj/cpp_proj/install/move_package/share/move_package/package.zsh'
[9.563s] Level 1:colcon.colcon_core.environment:create_file_with_runtime_dependencies(/home/fedelopre/Downloads/real-proj/cpp_proj/install/move_package/share/colcon-core/packages/move_package)
[9.574s] DEBUG:colcon.colcon_parallel_executor.executor.parallel:closing loop
[9.574s] DEBUG:colcon.colcon_parallel_executor.executor.parallel:loop closed
[9.574s] DEBUG:colcon.colcon_parallel_executor.executor.parallel:run_until_complete finished with '2'
[9.574s] DEBUG:colcon.colcon_core.event_reactor:joining thread
[9.593s] INFO:colcon.colcon_core.plugin_system:Skipping extension 'colcon_notification.desktop_notification.terminal_notifier': Not used on non-Darwin systems
[9.594s] INFO:colcon.colcon_core.plugin_system:Skipping extension 'colcon_notification.desktop_notification.win32': Not used on non-Windows systems
[9.594s] INFO:colcon.colcon_notification.desktop_notification:Sending desktop notification using 'notify2'
[9.646s] DEBUG:colcon.colcon_core.event_reactor:joined thread
[9.647s] INFO:colcon.colcon_core.shell:Creating prefix script '/home/fedelopre/Downloads/real-proj/cpp_proj/install/local_setup.ps1'
[9.653s] INFO:colcon.colcon_core.shell:Creating prefix util module '/home/fedelopre/Downloads/real-proj/cpp_proj/install/_local_setup_util_ps1.py'
[9.658s] INFO:colcon.colcon_core.shell:Creating prefix chain script '/home/fedelopre/Downloads/real-proj/cpp_proj/install/setup.ps1'
[9.662s] INFO:colcon.colcon_core.shell:Creating prefix script '/home/fedelopre/Downloads/real-proj/cpp_proj/install/local_setup.sh'
[9.663s] INFO:colcon.colcon_core.shell:Creating prefix util module '/home/fedelopre/Downloads/real-proj/cpp_proj/install/_local_setup_util_sh.py'
[9.665s] INFO:colcon.colcon_core.shell:Creating prefix chain script '/home/fedelopre/Downloads/real-proj/cpp_proj/install/setup.sh'
[9.670s] INFO:colcon.colcon_core.shell:Creating prefix script '/home/fedelopre/Downloads/real-proj/cpp_proj/install/local_setup.bash'
[9.672s] INFO:colcon.colcon_core.shell:Creating prefix chain script '/home/fedelopre/Downloads/real-proj/cpp_proj/install/setup.bash'
[9.674s] INFO:colcon.colcon_core.shell:Creating prefix script '/home/fedelopre/Downloads/real-proj/cpp_proj/install/local_setup.zsh'
[9.675s] INFO:colcon.colcon_core.shell:Creating prefix chain script '/home/fedelopre/Downloads/real-proj/cpp_proj/install/setup.zsh'
