[ 50%] [32mBuilding CXX object CMakeFiles/sistemaoperativo.dir/src/sistemaoperativo.cpp.o[0m
[100%] [32m[1mLinking CXX executable sistemaoperativo[0m
[100%] Built target sistemaoperativo
-- Install configuration: ""
-- Up-to-date: /home/fedelopre/Downloads/real-proj/cpp_proj/install/move_package/share/move_package//launch
-- Up-to-date: /home/fedelopre/Downloads/real-proj/cpp_proj/install/move_package/share/move_package//launch/move_launch_1.launch.py
-- Installing: /home/fedelopre/Downloads/real-proj/cpp_proj/install/move_package/lib/move_package/sistemaoperativo
-- Set non-toolchain portion of runtime path of "/home/fedelopre/Downloads/real-proj/cpp_proj/install/move_package/lib/move_package/sistemaoperativo" to ""
-- Up-to-date: /home/fedelopre/Downloads/real-proj/cpp_proj/install/move_package/share/ament_index/resource_index/package_run_dependencies/move_package
-- Installing: /home/fedelopre/Downloads/real-proj/cpp_proj/install/move_package/share/ament_index/resource_index/parent_prefix_path/move_package
-- Up-to-date: /home/fedelopre/Downloads/real-proj/cpp_proj/install/move_package/share/move_package/environment/ament_prefix_path.sh
-- Up-to-date: /home/fedelopre/Downloads/real-proj/cpp_proj/install/move_package/share/move_package/environment/ament_prefix_path.dsv
-- Up-to-date: /home/fedelopre/Downloads/real-proj/cpp_proj/install/move_package/share/move_package/environment/path.sh
-- Up-to-date: /home/fedelopre/Downloads/real-proj/cpp_proj/install/move_package/share/move_package/environment/path.dsv
-- Up-to-date: /home/fedelopre/Downloads/real-proj/cpp_proj/install/move_package/share/move_package/local_setup.bash
-- Up-to-date: /home/fedelopre/Downloads/real-proj/cpp_proj/install/move_package/share/move_package/local_setup.sh
-- Up-to-date: /home/fedelopre/Downloads/real-proj/cpp_proj/install/move_package/share/move_package/local_setup.zsh
-- Up-to-date: /home/fedelopre/Downloads/real-proj/cpp_proj/install/move_package/share/move_package/local_setup.dsv
-- Installing: /home/fedelopre/Downloads/real-proj/cpp_proj/install/move_package/share/move_package/package.dsv
-- Up-to-date: /home/fedelopre/Downloads/real-proj/cpp_proj/install/move_package/share/ament_index/resource_index/packages/move_package
-- Up-to-date: /home/fedelopre/Downloads/real-proj/cpp_proj/install/move_package/share/move_package/cmake/move_packageConfig.cmake
-- Up-to-date: /home/fedelopre/Downloads/real-proj/cpp_proj/install/move_package/share/move_package/cmake/move_packageConfig-version.cmake
-- Up-to-date: /home/fedelopre/Downloads/real-proj/cpp_proj/install/move_package/share/move_package/package.xml
