[0.025s] Invoking command in '/home/fedelopre/Downloads/real-proj/cpp_proj/build/move_package': CMAKE_PREFIX_PATH=${CMAKE_PREFIX_PATH}:/opt/ros/jazzy DEBUGINFOD_URLS=https://debuginfod.ubuntu.com /usr/bin/cmake --build /home/fedelopre/Downloads/real-proj/cpp_proj/build/move_package -- -j3 -l3
[0.194s] [ 50%] [32mBuilding CXX object CMakeFiles/sistemaoperativo.dir/src/sistemaoperativo.cpp.o[0m
[10.066s] [100%] [32m[1mLinking CXX executable sistemaoperativo[0m
[10.537s] [100%] Built target sistemaoperativo
[10.563s] Invoked command in '/home/fedelopre/Downloads/real-proj/cpp_proj/build/move_package' returned '0': CMAKE_PREFIX_PATH=${CMAKE_PREFIX_PATH}:/opt/ros/jazzy DEBUGINFOD_URLS=https://debuginfod.ubuntu.com /usr/bin/cmake --build /home/fedelopre/Downloads/real-proj/cpp_proj/build/move_package -- -j3 -l3
[10.586s] Invoking command in '/home/fedelopre/Downloads/real-proj/cpp_proj/build/move_package': CMAKE_PREFIX_PATH=${CMAKE_PREFIX_PATH}:/opt/ros/jazzy DEBUGINFOD_URLS=https://debuginfod.ubuntu.com /usr/bin/cmake --install /home/fedelopre/Downloads/real-proj/cpp_proj/build/move_package
[10.610s] -- Install configuration: ""
[10.611s] -- Up-to-date: /home/fedelopre/Downloads/real-proj/cpp_proj/install/move_package/share/move_package//launch
[10.611s] -- Up-to-date: /home/fedelopre/Downloads/real-proj/cpp_proj/install/move_package/share/move_package//launch/move_launch_1.launch.py
[10.611s] -- Installing: /home/fedelopre/Downloads/real-proj/cpp_proj/install/move_package/lib/move_package/sistemaoperativo
[10.613s] -- Set non-toolchain portion of runtime path of "/home/fedelopre/Downloads/real-proj/cpp_proj/install/move_package/lib/move_package/sistemaoperativo" to ""
[10.613s] -- Up-to-date: /home/fedelopre/Downloads/real-proj/cpp_proj/install/move_package/share/ament_index/resource_index/package_run_dependencies/move_package
[10.614s] -- Up-to-date: /home/fedelopre/Downloads/real-proj/cpp_proj/install/move_package/share/ament_index/resource_index/parent_prefix_path/move_package
[10.614s] -- Up-to-date: /home/fedelopre/Downloads/real-proj/cpp_proj/install/move_package/share/move_package/environment/ament_prefix_path.sh
[10.614s] -- Up-to-date: /home/fedelopre/Downloads/real-proj/cpp_proj/install/move_package/share/move_package/environment/ament_prefix_path.dsv
[10.615s] -- Up-to-date: /home/fedelopre/Downloads/real-proj/cpp_proj/install/move_package/share/move_package/environment/path.sh
[10.615s] -- Up-to-date: /home/fedelopre/Downloads/real-proj/cpp_proj/install/move_package/share/move_package/environment/path.dsv
[10.615s] -- Up-to-date: /home/fedelopre/Downloads/real-proj/cpp_proj/install/move_package/share/move_package/local_setup.bash
[10.615s] -- Up-to-date: /home/fedelopre/Downloads/real-proj/cpp_proj/install/move_package/share/move_package/local_setup.sh
[10.616s] -- Up-to-date: /home/fedelopre/Downloads/real-proj/cpp_proj/install/move_package/share/move_package/local_setup.zsh
[10.616s] -- Up-to-date: /home/fedelopre/Downloads/real-proj/cpp_proj/install/move_package/share/move_package/local_setup.dsv
[10.616s] -- Installing: /home/fedelopre/Downloads/real-proj/cpp_proj/install/move_package/share/move_package/package.dsv
[10.616s] -- Up-to-date: /home/fedelopre/Downloads/real-proj/cpp_proj/install/move_package/share/ament_index/resource_index/packages/move_package
[10.617s] -- Up-to-date: /home/fedelopre/Downloads/real-proj/cpp_proj/install/move_package/share/move_package/cmake/move_packageConfig.cmake
[10.617s] -- Up-to-date: /home/fedelopre/Downloads/real-proj/cpp_proj/install/move_package/share/move_package/cmake/move_packageConfig-version.cmake
[10.617s] -- Up-to-date: /home/fedelopre/Downloads/real-proj/cpp_proj/install/move_package/share/move_package/package.xml
[10.619s] Invoked command in '/home/fedelopre/Downloads/real-proj/cpp_proj/build/move_package' returned '0': CMAKE_PREFIX_PATH=${CMAKE_PREFIX_PATH}:/opt/ros/jazzy DEBUGINFOD_URLS=https://debuginfod.ubuntu.com /usr/bin/cmake --install /home/fedelopre/Downloads/real-proj/cpp_proj/build/move_package
