[0.026s] Invoking command in '/home/fedelopre/Downloads/real-proj/cpp_proj/build/move_package': CMAKE_PREFIX_PATH=${CMAKE_PREFIX_PATH}:/opt/ros/jazzy DEBUGINFOD_URLS=https://debuginfod.ubuntu.com /usr/bin/cmake --build /home/fedelopre/Downloads/real-proj/cpp_proj/build/move_package -- -j3 -l3
[0.194s] [ 50%] [32mBuilding CXX object CMakeFiles/sistemaoperativo.dir/src/sistemaoperativo.cpp.o[0m
[5.040s] [01m[K/home/fedelopre/Downloads/real-proj/cpp_proj/src/move_package/src/sistemaoperativo.cpp:[m[K In constructor ‘[01m[KSistemaOperativo::[01;32m[KSistemaOperativo[m[K()[m[K’:
[5.041s] [01m[K/home/fedelopre/Downloads/real-proj/cpp_proj/src/move_package/src/sistemaoperativo.cpp:18:82:[m[K [01;31m[Kerror: [m[Kno matching function for call to ‘[01m[Kstd_msgs::msg::String_<std::allocator<void> >::String_(const char [4], int)[m[K’
[5.041s]    18 | vel_publisher = this->create_publisher<std_msgs::msg::String("vel",10[01;31m[K)[m[K;
[5.041s]       |                                                                      [01;31m[K^[m[K
[5.042s] 
[5.042s] In file included from [01m[K/opt/ros/jazzy/include/std_msgs/std_msgs/msg/string.hpp:7[m[K,
[5.042s]                  from [01m[K/home/fedelopre/Downloads/real-proj/cpp_proj/src/move_package/src/sistemaoperativo.cpp:2[m[K:
[5.042s] [01m[K/opt/ros/jazzy/include/std_msgs/std_msgs/msg/detail/string__struct.hpp:48:12:[m[K [01;36m[Knote: [m[Kcandidate: ‘[01m[Kstd_msgs::msg::String_<ContainerAllocator>::[01;32m[KString_[m[K(const ContainerAllocator&, rosidl_runtime_cpp::MessageInitialization) [35m[K[with ContainerAllocator = std::allocator<void>][m[K[m[K’
[5.044s]    48 |   explicit [01;36m[KString_[m[K(const ContainerAllocator & _alloc, rosidl_runtime_cpp::MessageInitialization _init = rosidl_runtime_cpp::MessageInitialization::ALL)
[5.045s]       |            [01;36m[K^~~~~~~[m[K
[5.045s] [01m[K/opt/ros/jazzy/include/std_msgs/std_msgs/msg/detail/string__struct.hpp:48:47:[m[K [01;36m[Knote: [m[K  no known conversion for argument 1 from ‘[01m[Kconst char [4][m[K’ to ‘[01m[Kconst std::allocator<void>&[m[K’
[5.045s]    48 |   explicit String_([01;36m[Kconst ContainerAllocator & _alloc[m[K, rosidl_runtime_cpp::MessageInitialization _init = rosidl_runtime_cpp::MessageInitialization::ALL)
[5.045s]       |                    [01;36m[K~~~~~~~~~~~~~~~~~~~~~~~~~~~^~~~~~[m[K
[5.046s] [01m[K/opt/ros/jazzy/include/std_msgs/std_msgs/msg/detail/string__struct.hpp:39:12:[m[K [01;36m[Knote: [m[Kcandidate: ‘[01m[Kstd_msgs::msg::String_<ContainerAllocator>::[01;32m[KString_[m[K(rosidl_runtime_cpp::MessageInitialization) [35m[K[with ContainerAllocator = std::allocator<void>][m[K[m[K’
[5.046s]    39 |   explicit [01;36m[KString_[m[K(rosidl_runtime_cpp::MessageInitialization _init = rosidl_runtime_cpp::MessageInitialization::ALL)
[5.047s]       |            [01;36m[K^~~~~~~[m[K
[5.047s] [01m[K/opt/ros/jazzy/include/std_msgs/std_msgs/msg/detail/string__struct.hpp:39:12:[m[K [01;36m[Knote: [m[K  candidate expects 1 argument, 2 provided
[5.048s] [01m[K/opt/ros/jazzy/include/std_msgs/std_msgs/msg/detail/string__struct.hpp:35:8:[m[K [01;36m[Knote: [m[Kcandidate: ‘[01m[Kstd_msgs::msg::String_<std::allocator<void> >::[01;32m[KString_[m[K(const std_msgs::msg::String_<std::allocator<void> >&)[m[K’
[5.048s]    35 | struct [01;36m[KString_[m[K
[5.048s]       |        [01;36m[K^~~~~~~[m[K
[5.048s] [01m[K/opt/ros/jazzy/include/std_msgs/std_msgs/msg/detail/string__struct.hpp:35:8:[m[K [01;36m[Knote: [m[K  candidate expects 1 argument, 2 provided
[5.048s] [01m[K/opt/ros/jazzy/include/std_msgs/std_msgs/msg/detail/string__struct.hpp:35:8:[m[K [01;36m[Knote: [m[Kcandidate: ‘[01m[Kstd_msgs::msg::String_<std::allocator<void> >::[01;32m[KString_[m[K(std_msgs::msg::String_<std::allocator<void> >&&)[m[K’
[5.049s] [01m[K/opt/ros/jazzy/include/std_msgs/std_msgs/msg/detail/string__struct.hpp:35:8:[m[K [01;36m[Knote: [m[K  candidate expects 1 argument, 2 provided
[5.049s] [01m[K/home/fedelopre/Downloads/real-proj/cpp_proj/src/move_package/src/sistemaoperativo.cpp:18:35:[m[K [01;31m[Kerror: [m[Kparse error in template argument list
[5.050s]    18 |             vel_publisher = this->[01;31m[Kcreate_publisher<std_msgs::msg::String("vel",10)[m[K;
[5.050s]       |                                   [01;31m[K^~~~~~~~~~~~~~~~~~~~~~~~~~~~~~~~~~~~~~~~~~~~~~~~[m[K
[5.050s] [01m[K/home/fedelopre/Downloads/real-proj/cpp_proj/src/move_package/src/sistemaoperativo.cpp:18:35:[m[K [01;31m[Kerror: [m[Kno match for ‘[01m[Koperator=[m[K’ (operand types are ‘[01m[Krclcpp::Publisher<std_msgs::msg::String_<std::allocator<void> > >::SharedPtr[m[K’ {aka ‘[01m[Kstd::shared_ptr<rclcpp::Publisher<std_msgs::msg::String_<std::allocator<void> > > >[m[K’} and ‘[01m[K<unresolved overloaded function type>[m[K’)
[5.050s] In file included from [01m[K/usr/include/c++/13/memory:80[m[K,
[5.050s]                  from [01m[K/opt/ros/jazzy/include/rclcpp/rclcpp/rclcpp.hpp:169[m[K,
[5.051s]                  from [01m[K/home/fedelopre/Downloads/real-proj/cpp_proj/src/move_package/src/sistemaoperativo.cpp:1[m[K:
[5.051s] [01m[K/usr/include/c++/13/bits/shared_ptr.h:418:9:[m[K [01;36m[Knote: [m[Kcandidate: ‘[01m[Ktemplate<class _Yp> std::shared_ptr<_Tp>::_Assignable<const std::shared_ptr<_Yp>&> std::shared_ptr<_Tp>::[01;32m[Koperator=[m[K(const std::shared_ptr<_Yp>&) [35m[K[with _Tp = rclcpp::Publisher<std_msgs::msg::String_<std::allocator<void> > >][m[K[m[K’
[5.051s]   418 |         [01;36m[Koperator[m[K=(const shared_ptr<_Yp>& __r) noexcept
[5.051s]       |         [01;36m[K^~~~~~~~[m[K
[5.052s] [01m[K/usr/include/c++/13/bits/shared_ptr.h:418:9:[m[K [01;36m[Knote: [m[K  template argument deduction/substitution failed:
[5.052s] [01m[K/home/fedelopre/Downloads/real-proj/cpp_proj/src/move_package/src/sistemaoperativo.cpp:18:35:[m[K [01;36m[Knote: [m[K  couldn’t deduce template parameter ‘[01m[K_Yp[m[K’
[5.052s]    18 |             vel_publisher = this->[01;36m[Kcreate_publisher<std_msgs::msg::String("vel",10)[m[K;
[5.052s]       |                                   [01;36m[K^~~~~~~~~~~~~~~~~~~~~~~~~~~~~~~~~~~~~~~~~~~~~~~~[m[K
[5.052s] [01m[K/usr/include/c++/13/bits/shared_ptr.h:429:9:[m[K [01;36m[Knote: [m[Kcandidate: ‘[01m[Ktemplate<class _Yp> std::shared_ptr<_Tp>::_Assignable<std::auto_ptr<_Up> > std::shared_ptr<_Tp>::[01;32m[Koperator=[m[K(std::auto_ptr<_Up>&&) [35m[K[with _Tp = rclcpp::Publisher<std_msgs::msg::String_<std::allocator<void> > >][m[K[m[K’
[5.053s]   429 |         [01;36m[Koperator[m[K=(auto_ptr<_Yp>&& __r)
[5.053s]       |         [01;36m[K^~~~~~~~[m[K
[5.053s] [01m[K/usr/include/c++/13/bits/shared_ptr.h:429:9:[m[K [01;36m[Knote: [m[K  template argument deduction/substitution failed:
[5.053s] [01m[K/home/fedelopre/Downloads/real-proj/cpp_proj/src/move_package/src/sistemaoperativo.cpp:18:35:[m[K [01;36m[Knote: [m[K  couldn’t deduce template parameter ‘[01m[K_Yp[m[K’
[5.053s]    18 |             vel_publisher = this->[01;36m[Kcreate_publisher<std_msgs::msg::String("vel",10)[m[K;
[5.054s]       |                                   [01;36m[K^~~~~~~~~~~~~~~~~~~~~~~~~~~~~~~~~~~~~~~~~~~~~~~~[m[K
[5.054s] [01m[K/usr/include/c++/13/bits/shared_ptr.h:446:9:[m[K [01;36m[Knote: [m[Kcandidate: ‘[01m[Ktemplate<class _Yp> std::shared_ptr<_Tp>::_Assignable<std::shared_ptr<_Yp> > std::shared_ptr<_Tp>::[01;32m[Koperator=[m[K(std::shared_ptr<_Yp>&&) [35m[K[with _Tp = rclcpp::Publisher<std_msgs::msg::String_<std::allocator<void> > >][m[K[m[K’
[5.054s]   446 |         [01;36m[Koperator[m[K=(shared_ptr<_Yp>&& __r) noexcept
[5.054s]       |         [01;36m[K^~~~~~~~[m[K
[5.054s] [01m[K/usr/include/c++/13/bits/shared_ptr.h:446:9:[m[K [01;36m[Knote: [m[K  template argument deduction/substitution failed:
[5.054s] [01m[K/home/fedelopre/Downloads/real-proj/cpp_proj/src/move_package/src/sistemaoperativo.cpp:18:35:[m[K [01;36m[Knote: [m[K  couldn’t deduce template parameter ‘[01m[K_Yp[m[K’
[5.055s]    18 |             vel_publisher = this->[01;36m[Kcreate_publisher<std_msgs::msg::String("vel",10)[m[K;
[5.055s]       |                                   [01;36m[K^~~~~~~~~~~~~~~~~~~~~~~~~~~~~~~~~~~~~~~~~~~~~~~~[m[K
[5.055s] [01m[K/usr/include/c++/13/bits/shared_ptr.h:454:9:[m[K [01;36m[Knote: [m[Kcandidate: ‘[01m[Ktemplate<class _Yp, class _Del> std::shared_ptr<_Tp>::_Assignable<std::unique_ptr<_Up, _Ep> > std::shared_ptr<_Tp>::[01;32m[Koperator=[m[K(std::unique_ptr<_Up, _Ep>&&) [35m[K[with _Del = _Yp; _Tp = rclcpp::Publisher<std_msgs::msg::String_<std::allocator<void> > >][m[K[m[K’
[5.055s]   454 |         [01;36m[Koperator[m[K=(unique_ptr<_Yp, _Del>&& __r)
[5.055s]       |         [01;36m[K^~~~~~~~[m[K
[5.056s] [01m[K/usr/include/c++/13/bits/shared_ptr.h:454:9:[m[K [01;36m[Knote: [m[K  template argument deduction/substitution failed:
[5.056s] [01m[K/home/fedelopre/Downloads/real-proj/cpp_proj/src/move_package/src/sistemaoperativo.cpp:18:35:[m[K [01;36m[Knote: [m[K  couldn’t deduce template parameter ‘[01m[K_Yp[m[K’
[5.056s]    18 |             vel_publisher = this->[01;36m[Kcreate_publisher<std_msgs::msg::String("vel",10)[m[K;
[5.056s]       |                                   [01;36m[K^~~~~~~~~~~~~~~~~~~~~~~~~~~~~~~~~~~~~~~~~~~~~~~~[m[K
[5.056s] [01m[K/usr/include/c++/13/bits/shared_ptr.h:414:19:[m[K [01;36m[Knote: [m[Kcandidate: ‘[01m[Kstd::shared_ptr<_Tp>& std::shared_ptr<_Tp>::[01;32m[Koperator=[m[K(const std::shared_ptr<_Tp>&) [35m[K[with _Tp = rclcpp::Publisher<std_msgs::msg::String_<std::allocator<void> > >][m[K[m[K’
[5.057s]   414 |       shared_ptr& [01;36m[Koperator[m[K=(const shared_ptr&) noexcept = default;
[5.057s]       |                   [01;36m[K^~~~~~~~[m[K
[5.057s] [01m[K/usr/include/c++/13/bits/shared_ptr.h:414:29:[m[K [01;36m[Knote: [m[K  no known conversion for argument 1 from ‘[01m[K<unresolved overloaded function type>[m[K’ to ‘[01m[Kconst std::shared_ptr<rclcpp::Publisher<std_msgs::msg::String_<std::allocator<void> > > >&[m[K’
[5.057s]   414 |       shared_ptr& operator=([01;36m[Kconst shared_ptr&[m[K) noexcept = default;
[5.057s]       |                             [01;36m[K^~~~~~~~~~~~~~~~~[m[K
[5.058s] [01m[K/usr/include/c++/13/bits/shared_ptr.h:438:7:[m[K [01;36m[Knote: [m[Kcandidate: ‘[01m[Kstd::shared_ptr<_Tp>& std::shared_ptr<_Tp>::[01;32m[Koperator=[m[K(std::shared_ptr<_Tp>&&) [35m[K[with _Tp = rclcpp::Publisher<std_msgs::msg::String_<std::allocator<void> > >][m[K[m[K’
[5.058s]   438 |       [01;36m[Koperator[m[K=(shared_ptr&& __r) noexcept
[5.058s]       |       [01;36m[K^~~~~~~~[m[K
[5.058s] [01m[K/usr/include/c++/13/bits/shared_ptr.h:438:30:[m[K [01;36m[Knote: [m[K  no known conversion for argument 1 from ‘[01m[K<unresolved overloaded function type>[m[K’ to ‘[01m[Kstd::shared_ptr<rclcpp::Publisher<std_msgs::msg::String_<std::allocator<void> > > >&&[m[K’
[5.058s]   438 |       operator=([01;36m[Kshared_ptr&& __r[m[K) noexcept
[5.058s]       |                 [01;36m[K~~~~~~~~~~~~~^~~[m[K
[5.059s] [01m[K/home/fedelopre/Downloads/real-proj/cpp_proj/src/move_package/src/sistemaoperativo.cpp:19:84:[m[K [01;31m[Kerror: [m[Kno matching function for call to ‘[01m[Kstd_msgs::msg::String_<std::allocator<void> >::String_(const char [5], int)[m[K’
[5.059s]    19 | an_publisher = this->create_publisher<std_msgs::msg::String("scan",10[01;31m[K)[m[K;
[5.059s]       |                                                                      [01;31m[K^[m[K
[5.059s] 
[5.059s] [01m[K/opt/ros/jazzy/include/std_msgs/std_msgs/msg/detail/string__struct.hpp:48:12:[m[K [01;36m[Knote: [m[Kcandidate: ‘[01m[Kstd_msgs::msg::String_<ContainerAllocator>::[01;32m[KString_[m[K(const ContainerAllocator&, rosidl_runtime_cpp::MessageInitialization) [35m[K[with ContainerAllocator = std::allocator<void>][m[K[m[K’
[5.060s]    48 |   explicit [01;36m[KString_[m[K(const ContainerAllocator & _alloc, rosidl_runtime_cpp::MessageInitialization _init = rosidl_runtime_cpp::MessageInitialization::ALL)
[5.060s]       |            [01;36m[K^~~~~~~[m[K
[5.060s] [01m[K/opt/ros/jazzy/include/std_msgs/std_msgs/msg/detail/string__struct.hpp:48:47:[m[K [01;36m[Knote: [m[K  no known conversion for argument 1 from ‘[01m[Kconst char [5][m[K’ to ‘[01m[Kconst std::allocator<void>&[m[K’
[5.060s]    48 |   explicit String_([01;36m[Kconst ContainerAllocator & _alloc[m[K, rosidl_runtime_cpp::MessageInitialization _init = rosidl_runtime_cpp::MessageInitialization::ALL)
[5.060s]       |                    [01;36m[K~~~~~~~~~~~~~~~~~~~~~~~~~~~^~~~~~[m[K
[5.061s] [01m[K/opt/ros/jazzy/include/std_msgs/std_msgs/msg/detail/string__struct.hpp:39:12:[m[K [01;36m[Knote: [m[Kcandidate: ‘[01m[Kstd_msgs::msg::String_<ContainerAllocator>::[01;32m[KString_[m[K(rosidl_runtime_cpp::MessageInitialization) [35m[K[with ContainerAllocator = std::allocator<void>][m[K[m[K’
[5.061s]    39 |   explicit [01;36m[KString_[m[K(rosidl_runtime_cpp::MessageInitialization _init = rosidl_runtime_cpp::MessageInitialization::ALL)
[5.061s]       |            [01;36m[K^~~~~~~[m[K
[5.061s] [01m[K/opt/ros/jazzy/include/std_msgs/std_msgs/msg/detail/string__struct.hpp:39:12:[m[K [01;36m[Knote: [m[K  candidate expects 1 argument, 2 provided
[5.061s] [01m[K/opt/ros/jazzy/include/std_msgs/std_msgs/msg/detail/string__struct.hpp:35:8:[m[K [01;36m[Knote: [m[Kcandidate: ‘[01m[Kstd_msgs::msg::String_<std::allocator<void> >::[01;32m[KString_[m[K(const std_msgs::msg::String_<std::allocator<void> >&)[m[K’
[5.062s]    35 | struct [01;36m[KString_[m[K
[5.062s]       |        [01;36m[K^~~~~~~[m[K
[5.062s] [01m[K/opt/ros/jazzy/include/std_msgs/std_msgs/msg/detail/string__struct.hpp:35:8:[m[K [01;36m[Knote: [m[K  candidate expects 1 argument, 2 provided
[5.062s] [01m[K/opt/ros/jazzy/include/std_msgs/std_msgs/msg/detail/string__struct.hpp:35:8:[m[K [01;36m[Knote: [m[Kcandidate: ‘[01m[Kstd_msgs::msg::String_<std::allocator<void> >::[01;32m[KString_[m[K(std_msgs::msg::String_<std::allocator<void> >&&)[m[K’
[5.063s] [01m[K/opt/ros/jazzy/include/std_msgs/std_msgs/msg/detail/string__struct.hpp:35:8:[m[K [01;36m[Knote: [m[K  candidate expects 1 argument, 2 provided
[5.063s] [01m[K/home/fedelopre/Downloads/real-proj/cpp_proj/src/move_package/src/sistemaoperativo.cpp:19:36:[m[K [01;31m[Kerror: [m[Kparse error in template argument list
[5.063s]    19 |             scan_publisher = this->[01;31m[Kcreate_publisher<std_msgs::msg::String("scan",10)[m[K;
[5.063s]       |                                    [01;31m[K^~~~~~~~~~~~~~~~~~~~~~~~~~~~~~~~~~~~~~~~~~~~~~~~~[m[K
[5.063s] [01m[K/home/fedelopre/Downloads/real-proj/cpp_proj/src/move_package/src/sistemaoperativo.cpp:19:36:[m[K [01;31m[Kerror: [m[Kno match for ‘[01m[Koperator=[m[K’ (operand types are ‘[01m[Krclcpp::Publisher<std_msgs::msg::String_<std::allocator<void> > >::SharedPtr[m[K’ {aka ‘[01m[Kstd::shared_ptr<rclcpp::Publisher<std_msgs::msg::String_<std::allocator<void> > > >[m[K’} and ‘[01m[K<unresolved overloaded function type>[m[K’)
[5.064s] [01m[K/usr/include/c++/13/bits/shared_ptr.h:418:9:[m[K [01;36m[Knote: [m[Kcandidate: ‘[01m[Ktemplate<class _Yp> std::shared_ptr<_Tp>::_Assignable<const std::shared_ptr<_Yp>&> std::shared_ptr<_Tp>::[01;32m[Koperator=[m[K(const std::shared_ptr<_Yp>&) [35m[K[with _Tp = rclcpp::Publisher<std_msgs::msg::String_<std::allocator<void> > >][m[K[m[K’
[5.064s]   418 |         [01;36m[Koperator[m[K=(const shared_ptr<_Yp>& __r) noexcept
[5.064s]       |         [01;36m[K^~~~~~~~[m[K
[5.064s] [01m[K/usr/include/c++/13/bits/shared_ptr.h:418:9:[m[K [01;36m[Knote: [m[K  template argument deduction/substitution failed:
[5.064s] [01m[K/home/fedelopre/Downloads/real-proj/cpp_proj/src/move_package/src/sistemaoperativo.cpp:19:36:[m[K [01;36m[Knote: [m[K  couldn’t deduce template parameter ‘[01m[K_Yp[m[K’
[5.065s]    19 |             scan_publisher = this->[01;36m[Kcreate_publisher<std_msgs::msg::String("scan",10)[m[K;
[5.065s]       |                                    [01;36m[K^~~~~~~~~~~~~~~~~~~~~~~~~~~~~~~~~~~~~~~~~~~~~~~~~[m[K
[5.065s] [01m[K/usr/include/c++/13/bits/shared_ptr.h:429:9:[m[K [01;36m[Knote: [m[Kcandidate: ‘[01m[Ktemplate<class _Yp> std::shared_ptr<_Tp>::_Assignable<std::auto_ptr<_Up> > std::shared_ptr<_Tp>::[01;32m[Koperator=[m[K(std::auto_ptr<_Up>&&) [35m[K[with _Tp = rclcpp::Publisher<std_msgs::msg::String_<std::allocator<void> > >][m[K[m[K’
[5.065s]   429 |         [01;36m[Koperator[m[K=(auto_ptr<_Yp>&& __r)
[5.065s]       |         [01;36m[K^~~~~~~~[m[K
[5.065s] [01m[K/usr/include/c++/13/bits/shared_ptr.h:429:9:[m[K [01;36m[Knote: [m[K  template argument deduction/substitution failed:
[5.066s] [01m[K/home/fedelopre/Downloads/real-proj/cpp_proj/src/move_package/src/sistemaoperativo.cpp:19:36:[m[K [01;36m[Knote: [m[K  couldn’t deduce template parameter ‘[01m[K_Yp[m[K’
[5.066s]    19 |             scan_publisher = this->[01;36m[Kcreate_publisher<std_msgs::msg::String("scan",10)[m[K;
[5.066s]       |                                    [01;36m[K^~~~~~~~~~~~~~~~~~~~~~~~~~~~~~~~~~~~~~~~~~~~~~~~~[m[K
[5.067s] [01m[K/usr/include/c++/13/bits/shared_ptr.h:446:9:[m[K [01;36m[Knote: [m[Kcandidate: ‘[01m[Ktemplate<class _Yp> std::shared_ptr<_Tp>::_Assignable<std::shared_ptr<_Yp> > std::shared_ptr<_Tp>::[01;32m[Koperator=[m[K(std::shared_ptr<_Yp>&&) [35m[K[with _Tp = rclcpp::Publisher<std_msgs::msg::String_<std::allocator<void> > >][m[K[m[K’
[5.067s]   446 |         [01;36m[Koperator[m[K=(shared_ptr<_Yp>&& __r) noexcept
[5.067s]       |         [01;36m[K^~~~~~~~[m[K
[5.067s] [01m[K/usr/include/c++/13/bits/shared_ptr.h:446:9:[m[K [01;36m[Knote: [m[K  template argument deduction/substitution failed:
[5.067s] [01m[K/home/fedelopre/Downloads/real-proj/cpp_proj/src/move_package/src/sistemaoperativo.cpp:19:36:[m[K [01;36m[Knote: [m[K  couldn’t deduce template parameter ‘[01m[K_Yp[m[K’
[5.068s]    19 |             scan_publisher = this->[01;36m[Kcreate_publisher<std_msgs::msg::String("scan",10)[m[K;
[5.068s]       |                                    [01;36m[K^~~~~~~~~~~~~~~~~~~~~~~~~~~~~~~~~~~~~~~~~~~~~~~~~[m[K
[5.068s] [01m[K/usr/include/c++/13/bits/shared_ptr.h:454:9:[m[K [01;36m[Knote: [m[Kcandidate: ‘[01m[Ktemplate<class _Yp, class _Del> std::shared_ptr<_Tp>::_Assignable<std::unique_ptr<_Up, _Ep> > std::shared_ptr<_Tp>::[01;32m[Koperator=[m[K(std::unique_ptr<_Up, _Ep>&&) [35m[K[with _Del = _Yp; _Tp = rclcpp::Publisher<std_msgs::msg::String_<std::allocator<void> > >][m[K[m[K’
[5.068s]   454 |         [01;36m[Koperator[m[K=(unique_ptr<_Yp, _Del>&& __r)
[5.068s]       |         [01;36m[K^~~~~~~~[m[K
[5.068s] [01m[K/usr/include/c++/13/bits/shared_ptr.h:454:9:[m[K [01;36m[Knote: [m[K  template argument deduction/substitution failed:
[5.069s] [01m[K/home/fedelopre/Downloads/real-proj/cpp_proj/src/move_package/src/sistemaoperativo.cpp:19:36:[m[K [01;36m[Knote: [m[K  couldn’t deduce template parameter ‘[01m[K_Yp[m[K’
[5.069s]    19 |             scan_publisher = this->[01;36m[Kcreate_publisher<std_msgs::msg::String("scan",10)[m[K;
[5.069s]       |                                    [01;36m[K^~~~~~~~~~~~~~~~~~~~~~~~~~~~~~~~~~~~~~~~~~~~~~~~~[m[K
[5.069s] [01m[K/usr/include/c++/13/bits/shared_ptr.h:414:19:[m[K [01;36m[Knote: [m[Kcandidate: ‘[01m[Kstd::shared_ptr<_Tp>& std::shared_ptr<_Tp>::[01;32m[Koperator=[m[K(const std::shared_ptr<_Tp>&) [35m[K[with _Tp = rclcpp::Publisher<std_msgs::msg::String_<std::allocator<void> > >][m[K[m[K’
[5.069s]   414 |       shared_ptr& [01;36m[Koperator[m[K=(const shared_ptr&) noexcept = default;
[5.070s]       |                   [01;36m[K^~~~~~~~[m[K
[5.070s] [01m[K/usr/include/c++/13/bits/shared_ptr.h:414:29:[m[K [01;36m[Knote: [m[K  no known conversion for argument 1 from ‘[01m[K<unresolved overloaded function type>[m[K’ to ‘[01m[Kconst std::shared_ptr<rclcpp::Publisher<std_msgs::msg::String_<std::allocator<void> > > >&[m[K’
[5.070s]   414 |       shared_ptr& operator=([01;36m[Kconst shared_ptr&[m[K) noexcept = default;
[5.070s]       |                             [01;36m[K^~~~~~~~~~~~~~~~~[m[K
[5.070s] [01m[K/usr/include/c++/13/bits/shared_ptr.h:438:7:[m[K [01;36m[Knote: [m[Kcandidate: ‘[01m[Kstd::shared_ptr<_Tp>& std::shared_ptr<_Tp>::[01;32m[Koperator=[m[K(std::shared_ptr<_Tp>&&) [35m[K[with _Tp = rclcpp::Publisher<std_msgs::msg::String_<std::allocator<void> > >][m[K[m[K’
[5.071s]   438 |       [01;36m[Koperator[m[K=(shared_ptr&& __r) noexcept
[5.071s]       |       [01;36m[K^~~~~~~~[m[K
[5.071s] [01m[K/usr/include/c++/13/bits/shared_ptr.h:438:30:[m[K [01;36m[Knote: [m[K  no known conversion for argument 1 from ‘[01m[K<unresolved overloaded function type>[m[K’ to ‘[01m[Kstd::shared_ptr<rclcpp::Publisher<std_msgs::msg::String_<std::allocator<void> > > >&&[m[K’
[5.071s]   438 |       operator=([01;36m[Kshared_ptr&& __r[m[K) noexcept
[5.071s]       |                 [01;36m[K~~~~~~~~~~~~~^~~[m[K
[5.072s] [01m[K/home/fedelopre/Downloads/real-proj/cpp_proj/src/move_package/src/sistemaoperativo.cpp:20:86:[m[K [01;31m[Kerror: [m[Kno matching function for call to ‘[01m[Kstd_msgs::msg::String_<std::allocator<void> >::String_(const char [6], int)[m[K’
[5.072s]    20 | r_publisher = this->create_publisher<std_msgs::msg::String("other",10[01;31m[K)[m[K;
[5.072s]       |                                                                      [01;31m[K^[m[K
[5.072s] 
[5.072s] [01m[K/opt/ros/jazzy/include/std_msgs/std_msgs/msg/detail/string__struct.hpp:48:12:[m[K [01;36m[Knote: [m[Kcandidate: ‘[01m[Kstd_msgs::msg::String_<ContainerAllocator>::[01;32m[KString_[m[K(const ContainerAllocator&, rosidl_runtime_cpp::MessageInitialization) [35m[K[with ContainerAllocator = std::allocator<void>][m[K[m[K’
[5.073s]    48 |   explicit [01;36m[KString_[m[K(const ContainerAllocator & _alloc, rosidl_runtime_cpp::MessageInitialization _init = rosidl_runtime_cpp::MessageInitialization::ALL)
[5.073s]       |            [01;36m[K^~~~~~~[m[K
[5.073s] [01m[K/opt/ros/jazzy/include/std_msgs/std_msgs/msg/detail/string__struct.hpp:48:47:[m[K [01;36m[Knote: [m[K  no known conversion for argument 1 from ‘[01m[Kconst char [6][m[K’ to ‘[01m[Kconst std::allocator<void>&[m[K’
[5.073s]    48 |   explicit String_([01;36m[Kconst ContainerAllocator & _alloc[m[K, rosidl_runtime_cpp::MessageInitialization _init = rosidl_runtime_cpp::MessageInitialization::ALL)
[5.073s]       |                    [01;36m[K~~~~~~~~~~~~~~~~~~~~~~~~~~~^~~~~~[m[K
[5.073s] [01m[K/opt/ros/jazzy/include/std_msgs/std_msgs/msg/detail/string__struct.hpp:39:12:[m[K [01;36m[Knote: [m[Kcandidate: ‘[01m[Kstd_msgs::msg::String_<ContainerAllocator>::[01;32m[KString_[m[K(rosidl_runtime_cpp::MessageInitialization) [35m[K[with ContainerAllocator = std::allocator<void>][m[K[m[K’
[5.074s]    39 |   explicit [01;36m[KString_[m[K(rosidl_runtime_cpp::MessageInitialization _init = rosidl_runtime_cpp::MessageInitialization::ALL)
[5.074s]       |            [01;36m[K^~~~~~~[m[K
[5.074s] [01m[K/opt/ros/jazzy/include/std_msgs/std_msgs/msg/detail/string__struct.hpp:39:12:[m[K [01;36m[Knote: [m[K  candidate expects 1 argument, 2 provided
[5.074s] [01m[K/opt/ros/jazzy/include/std_msgs/std_msgs/msg/detail/string__struct.hpp:35:8:[m[K [01;36m[Knote: [m[Kcandidate: ‘[01m[Kstd_msgs::msg::String_<std::allocator<void> >::[01;32m[KString_[m[K(const std_msgs::msg::String_<std::allocator<void> >&)[m[K’
[5.074s]    35 | struct [01;36m[KString_[m[K
[5.075s]       |        [01;36m[K^~~~~~~[m[K
[5.075s] [01m[K/opt/ros/jazzy/include/std_msgs/std_msgs/msg/detail/string__struct.hpp:35:8:[m[K [01;36m[Knote: [m[K  candidate expects 1 argument, 2 provided
[5.075s] [01m[K/opt/ros/jazzy/include/std_msgs/std_msgs/msg/detail/string__struct.hpp:35:8:[m[K [01;36m[Knote: [m[Kcandidate: ‘[01m[Kstd_msgs::msg::String_<std::allocator<void> >::[01;32m[KString_[m[K(std_msgs::msg::String_<std::allocator<void> >&&)[m[K’
[5.075s] [01m[K/opt/ros/jazzy/include/std_msgs/std_msgs/msg/detail/string__struct.hpp:35:8:[m[K [01;36m[Knote: [m[K  candidate expects 1 argument, 2 provided
[5.075s] [01m[K/home/fedelopre/Downloads/real-proj/cpp_proj/src/move_package/src/sistemaoperativo.cpp:20:37:[m[K [01;31m[Kerror: [m[Kparse error in template argument list
[5.075s]    20 |             other_publisher = this->[01;31m[Kcreate_publisher<std_msgs::msg::String("other",10)[m[K;
[5.076s]       |                                     [01;31m[K^~~~~~~~~~~~~~~~~~~~~~~~~~~~~~~~~~~~~~~~~~~~~~~~~~[m[K
[5.076s] [01m[K/home/fedelopre/Downloads/real-proj/cpp_proj/src/move_package/src/sistemaoperativo.cpp:20:37:[m[K [01;31m[Kerror: [m[Kno match for ‘[01m[Koperator=[m[K’ (operand types are ‘[01m[Krclcpp::Publisher<std_msgs::msg::String_<std::allocator<void> > >::SharedPtr[m[K’ {aka ‘[01m[Kstd::shared_ptr<rclcpp::Publisher<std_msgs::msg::String_<std::allocator<void> > > >[m[K’} and ‘[01m[K<unresolved overloaded function type>[m[K’)
[5.076s] [01m[K/usr/include/c++/13/bits/shared_ptr.h:418:9:[m[K [01;36m[Knote: [m[Kcandidate: ‘[01m[Ktemplate<class _Yp> std::shared_ptr<_Tp>::_Assignable<const std::shared_ptr<_Yp>&> std::shared_ptr<_Tp>::[01;32m[Koperator=[m[K(const std::shared_ptr<_Yp>&) [35m[K[with _Tp = rclcpp::Publisher<std_msgs::msg::String_<std::allocator<void> > >][m[K[m[K’
[5.076s]   418 |         [01;36m[Koperator[m[K=(const shared_ptr<_Yp>& __r) noexcept
[5.076s]       |         [01;36m[K^~~~~~~~[m[K
[5.077s] [01m[K/usr/include/c++/13/bits/shared_ptr.h:418:9:[m[K [01;36m[Knote: [m[K  template argument deduction/substitution failed:
[5.077s] [01m[K/home/fedelopre/Downloads/real-proj/cpp_proj/src/move_package/src/sistemaoperativo.cpp:20:37:[m[K [01;36m[Knote: [m[K  couldn’t deduce template parameter ‘[01m[K_Yp[m[K’
[5.077s]    20 |             other_publisher = this->[01;36m[Kcreate_publisher<std_msgs::msg::String("other",10)[m[K;
[5.077s]       |                                     [01;36m[K^~~~~~~~~~~~~~~~~~~~~~~~~~~~~~~~~~~~~~~~~~~~~~~~~~[m[K
[5.078s] [01m[K/usr/include/c++/13/bits/shared_ptr.h:429:9:[m[K [01;36m[Knote: [m[Kcandidate: ‘[01m[Ktemplate<class _Yp> std::shared_ptr<_Tp>::_Assignable<std::auto_ptr<_Up> > std::shared_ptr<_Tp>::[01;32m[Koperator=[m[K(std::auto_ptr<_Up>&&) [35m[K[with _Tp = rclcpp::Publisher<std_msgs::msg::String_<std::allocator<void> > >][m[K[m[K’
[5.078s]   429 |         [01;36m[Koperator[m[K=(auto_ptr<_Yp>&& __r)
[5.078s]       |         [01;36m[K^~~~~~~~[m[K
[5.078s] [01m[K/usr/include/c++/13/bits/shared_ptr.h:429:9:[m[K [01;36m[Knote: [m[K  template argument deduction/substitution failed:
[5.078s] [01m[K/home/fedelopre/Downloads/real-proj/cpp_proj/src/move_package/src/sistemaoperativo.cpp:20:37:[m[K [01;36m[Knote: [m[K  couldn’t deduce template parameter ‘[01m[K_Yp[m[K’
[5.079s]    20 |             other_publisher = this->[01;36m[Kcreate_publisher<std_msgs::msg::String("other",10)[m[K;
[5.079s]       |                                     [01;36m[K^~~~~~~~~~~~~~~~~~~~~~~~~~~~~~~~~~~~~~~~~~~~~~~~~~[m[K
[5.079s] [01m[K/usr/include/c++/13/bits/shared_ptr.h:446:9:[m[K [01;36m[Knote: [m[Kcandidate: ‘[01m[Ktemplate<class _Yp> std::shared_ptr<_Tp>::_Assignable<std::shared_ptr<_Yp> > std::shared_ptr<_Tp>::[01;32m[Koperator=[m[K(std::shared_ptr<_Yp>&&) [35m[K[with _Tp = rclcpp::Publisher<std_msgs::msg::String_<std::allocator<void> > >][m[K[m[K’
[5.079s]   446 |         [01;36m[Koperator[m[K=(shared_ptr<_Yp>&& __r) noexcept
[5.080s]       |         [01;36m[K^~~~~~~~[m[K
[5.080s] [01m[K/usr/include/c++/13/bits/shared_ptr.h:446:9:[m[K [01;36m[Knote: [m[K  template argument deduction/substitution failed:
[5.080s] [01m[K/home/fedelopre/Downloads/real-proj/cpp_proj/src/move_package/src/sistemaoperativo.cpp:20:37:[m[K [01;36m[Knote: [m[K  couldn’t deduce template parameter ‘[01m[K_Yp[m[K’
[5.080s]    20 |             other_publisher = this->[01;36m[Kcreate_publisher<std_msgs::msg::String("other",10)[m[K;
[5.080s]       |                                     [01;36m[K^~~~~~~~~~~~~~~~~~~~~~~~~~~~~~~~~~~~~~~~~~~~~~~~~~[m[K
[5.081s] [01m[K/usr/include/c++/13/bits/shared_ptr.h:454:9:[m[K [01;36m[Knote: [m[Kcandidate: ‘[01m[Ktemplate<class _Yp, class _Del> std::shared_ptr<_Tp>::_Assignable<std::unique_ptr<_Up, _Ep> > std::shared_ptr<_Tp>::[01;32m[Koperator=[m[K(std::unique_ptr<_Up, _Ep>&&) [35m[K[with _Del = _Yp; _Tp = rclcpp::Publisher<std_msgs::msg::String_<std::allocator<void> > >][m[K[m[K’
[5.081s]   454 |         [01;36m[Koperator[m[K=(unique_ptr<_Yp, _Del>&& __r)
[5.081s]       |         [01;36m[K^~~~~~~~[m[K
[5.081s] [01m[K/usr/include/c++/13/bits/shared_ptr.h:454:9:[m[K [01;36m[Knote: [m[K  template argument deduction/substitution failed:
[5.081s] [01m[K/home/fedelopre/Downloads/real-proj/cpp_proj/src/move_package/src/sistemaoperativo.cpp:20:37:[m[K [01;36m[Knote: [m[K  couldn’t deduce template parameter ‘[01m[K_Yp[m[K’
[5.081s]    20 |             other_publisher = this->[01;36m[Kcreate_publisher<std_msgs::msg::String("other",10)[m[K;
[5.082s]       |                                     [01;36m[K^~~~~~~~~~~~~~~~~~~~~~~~~~~~~~~~~~~~~~~~~~~~~~~~~~[m[K
[5.082s] [01m[K/usr/include/c++/13/bits/shared_ptr.h:414:19:[m[K [01;36m[Knote: [m[Kcandidate: ‘[01m[Kstd::shared_ptr<_Tp>& std::shared_ptr<_Tp>::[01;32m[Koperator=[m[K(const std::shared_ptr<_Tp>&) [35m[K[with _Tp = rclcpp::Publisher<std_msgs::msg::String_<std::allocator<void> > >][m[K[m[K’
[5.082s]   414 |       shared_ptr& [01;36m[Koperator[m[K=(const shared_ptr&) noexcept = default;
[5.082s]       |                   [01;36m[K^~~~~~~~[m[K
[5.083s] [01m[K/usr/include/c++/13/bits/shared_ptr.h:414:29:[m[K [01;36m[Knote: [m[K  no known conversion for argument 1 from ‘[01m[K<unresolved overloaded function type>[m[K’ to ‘[01m[Kconst std::shared_ptr<rclcpp::Publisher<std_msgs::msg::String_<std::allocator<void> > > >&[m[K’
[5.083s]   414 |       shared_ptr& operator=([01;36m[Kconst shared_ptr&[m[K) noexcept = default;
[5.083s]       |                             [01;36m[K^~~~~~~~~~~~~~~~~[m[K
[5.083s] [01m[K/usr/include/c++/13/bits/shared_ptr.h:438:7:[m[K [01;36m[Knote: [m[Kcandidate: ‘[01m[Kstd::shared_ptr<_Tp>& std::shared_ptr<_Tp>::[01;32m[Koperator=[m[K(std::shared_ptr<_Tp>&&) [35m[K[with _Tp = rclcpp::Publisher<std_msgs::msg::String_<std::allocator<void> > >][m[K[m[K’
[5.083s]   438 |       [01;36m[Koperator[m[K=(shared_ptr&& __r) noexcept
[5.084s]       |       [01;36m[K^~~~~~~~[m[K
[5.084s] [01m[K/usr/include/c++/13/bits/shared_ptr.h:438:30:[m[K [01;36m[Knote: [m[K  no known conversion for argument 1 from ‘[01m[K<unresolved overloaded function type>[m[K’ to ‘[01m[Kstd::shared_ptr<rclcpp::Publisher<std_msgs::msg::String_<std::allocator<void> > > >&&[m[K’
[5.084s]   438 |       operator=([01;36m[Kshared_ptr&& __r[m[K) noexcept
[5.084s]       |                 [01;36m[K~~~~~~~~~~~~~^~~[m[K
[7.007s] gmake[2]: *** [CMakeFiles/sistemaoperativo.dir/build.make:76: CMakeFiles/sistemaoperativo.dir/src/sistemaoperativo.cpp.o] Error 1
[7.007s] gmake[1]: *** [CMakeFiles/Makefile2:137: CMakeFiles/sistemaoperativo.dir/all] Error 2
[7.009s] gmake: *** [Makefile:146: all] Error 2
[7.014s] Invoked command in '/home/fedelopre/Downloads/real-proj/cpp_proj/build/move_package' returned '2': CMAKE_PREFIX_PATH=${CMAKE_PREFIX_PATH}:/opt/ros/jazzy DEBUGINFOD_URLS=https://debuginfod.ubuntu.com /usr/bin/cmake --build /home/fedelopre/Downloads/real-proj/cpp_proj/build/move_package -- -j3 -l3
