[0.022s] Invoking command in '/home/fedelopre/Downloads/real-proj/cpp_proj/build/move_package': CMAKE_PREFIX_PATH=${CMAKE_PREFIX_PATH}:/opt/ros/jazzy DEBUGINFOD_URLS=https://debuginfod.ubuntu.com /usr/bin/cmake --build /home/fedelopre/Downloads/real-proj/cpp_proj/build/move_package -- -j3 -l3
[0.105s] -- Found ament_cmake: 2.5.4 (/opt/ros/jazzy/share/ament_cmake/cmake)
[0.692s] -- Found rclcpp: 28.1.9 (/opt/ros/jazzy/share/rclcpp/cmake)
[0.786s] -- Found rosidl_generator_c: 4.6.5 (/opt/ros/jazzy/share/rosidl_generator_c/cmake)
[0.822s] -- Found rosidl_generator_cpp: 4.6.5 (/opt/ros/jazzy/share/rosidl_generator_cpp/cmake)
[0.866s] -- Using all available rosidl_typesupport_c: rosidl_typesupport_fastrtps_c;rosidl_typesupport_introspection_c
[0.914s] -- Using all available rosidl_typesupport_cpp: rosidl_typesupport_fastrtps_cpp;rosidl_typesupport_introspection_cpp
[1.152s] -- Found rmw_implementation_cmake: 7.3.2 (/opt/ros/jazzy/share/rmw_implementation_cmake/cmake)
[1.156s] -- Found rmw_fastrtps_cpp: 8.4.2 (/opt/ros/jazzy/share/rmw_fastrtps_cpp/cmake)
[1.368s] -- Using RMW implementation 'rmw_fastrtps_cpp' as default
[1.607s] [31mCMake Error at /opt/ros/jazzy/share/ament_cmake_target_dependencies/cmake/ament_target_dependencies.cmake:77 (message):
[1.607s]   ament_target_dependencies() the passed package name 'std_msgs' was not
[1.608s]   found before
[1.608s] Call Stack (most recent call first):
[1.608s]   CMakeLists.txt:24 (ament_target_dependencies)
[1.608s] 
[1.609s] [0m
[1.609s] -- Configuring incomplete, errors occurred!
[1.624s] gmake: *** [Makefile:267: cmake_check_build_system] Error 1
[1.630s] Invoked command in '/home/fedelopre/Downloads/real-proj/cpp_proj/build/move_package' returned '2': CMAKE_PREFIX_PATH=${CMAKE_PREFIX_PATH}:/opt/ros/jazzy DEBUGINFOD_URLS=https://debuginfod.ubuntu.com /usr/bin/cmake --build /home/fedelopre/Downloads/real-proj/cpp_proj/build/move_package -- -j3 -l3
