[0.023s] Invoking command in '/home/fedelopre/Downloads/real-proj/cpp_proj/build/move_package': CMAKE_PREFIX_PATH=${CMAKE_PREFIX_PATH}:/opt/ros/jazzy DEBUGINFOD_URLS=https://debuginfod.ubuntu.com /usr/bin/cmake --build /home/fedelopre/Downloads/real-proj/cpp_proj/build/move_package -- -j3 -l3
[0.122s] Invoked command in '/home/fedelopre/Downloads/real-proj/cpp_proj/build/move_package' returned '0': CMAKE_PREFIX_PATH=${CMAKE_PREFIX_PATH}:/opt/ros/jazzy DEBUGINFOD_URLS=https://debuginfod.ubuntu.com /usr/bin/cmake --build /home/fedelopre/Downloads/real-proj/cpp_proj/build/move_package -- -j3 -l3
[0.144s] Invoking command in '/home/fedelopre/Downloads/real-proj/cpp_proj/build/move_package': CMAKE_PREFIX_PATH=${CMAKE_PREFIX_PATH}:/opt/ros/jazzy DEBUGINFOD_URLS=https://debuginfod.ubuntu.com /usr/bin/cmake --install /home/fedelopre/Downloads/real-proj/cpp_proj/build/move_package
[0.165s] -- Install configuration: ""
[0.166s] -- Up-to-date: /home/fedelopre/Downloads/real-proj/cpp_proj/install/move_package/share/move_package//launch
[0.167s] -- Installing: /home/fedelopre/Downloads/real-proj/cpp_proj/install/move_package/share/move_package//launch/move_launch_1.launch.py
[0.167s] -- Up-to-date: /home/fedelopre/Downloads/real-proj/cpp_proj/install/move_package/share/ament_index/resource_index/package_run_dependencies/move_package
[0.167s] -- Up-to-date: /home/fedelopre/Downloads/real-proj/cpp_proj/install/move_package/share/ament_index/resource_index/parent_prefix_path/move_package
[0.167s] -- Up-to-date: /home/fedelopre/Downloads/real-proj/cpp_proj/install/move_package/share/move_package/environment/ament_prefix_path.sh
[0.167s] -- Up-to-date: /home/fedelopre/Downloads/real-proj/cpp_proj/install/move_package/share/move_package/environment/ament_prefix_path.dsv
[0.168s] -- Up-to-date: /home/fedelopre/Downloads/real-proj/cpp_proj/install/move_package/share/move_package/environment/path.sh
[0.168s] -- Up-to-date: /home/fedelopre/Downloads/real-proj/cpp_proj/install/move_package/share/move_package/environment/path.dsv
[0.168s] -- Up-to-date: /home/fedelopre/Downloads/real-proj/cpp_proj/install/move_package/share/move_package/local_setup.bash
[0.168s] -- Up-to-date: /home/fedelopre/Downloads/real-proj/cpp_proj/install/move_package/share/move_package/local_setup.sh
[0.170s] -- Up-to-date: /home/fedelopre/Downloads/real-proj/cpp_proj/install/move_package/share/move_package/local_setup.zsh
[0.170s] -- Up-to-date: /home/fedelopre/Downloads/real-proj/cpp_proj/install/move_package/share/move_package/local_setup.dsv
[0.170s] -- Up-to-date: /home/fedelopre/Downloads/real-proj/cpp_proj/install/move_package/share/move_package/package.dsv
[0.170s] -- Up-to-date: /home/fedelopre/Downloads/real-proj/cpp_proj/install/move_package/share/ament_index/resource_index/packages/move_package
[0.171s] -- Up-to-date: /home/fedelopre/Downloads/real-proj/cpp_proj/install/move_package/share/move_package/cmake/move_packageConfig.cmake
[0.171s] -- Up-to-date: /home/fedelopre/Downloads/real-proj/cpp_proj/install/move_package/share/move_package/cmake/move_packageConfig-version.cmake
[0.171s] -- Up-to-date: /home/fedelopre/Downloads/real-proj/cpp_proj/install/move_package/share/move_package/package.xml
[0.175s] Invoked command in '/home/fedelopre/Downloads/real-proj/cpp_proj/build/move_package' returned '0': CMAKE_PREFIX_PATH=${CMAKE_PREFIX_PATH}:/opt/ros/jazzy DEBUGINFOD_URLS=https://debuginfod.ubuntu.com /usr/bin/cmake --install /home/fedelopre/Downloads/real-proj/cpp_proj/build/move_package
